<?xml version="1.0" encoding="UTF-8"?>
<!-- Generated by org.testng.reporters.JUnitXMLReporter -->
<testsuite ignored="0" hostname="Jamalpc" failures="0" tests="7" name="Surefire test" time="23.421" errors="0" timestamp="06 Jun 2020 06:44:39 GMT">
  <testcase classname="tests.BNSExcelDataTest" name="BNSTest" time="2.107"/>
  <testcase classname="tests.BNSExcelDataTest" name="BNSTest" time="1.503"/>
  <testcase classname="tests.BNSExcelDataTest" name="BNSTest" time="1.545"/>
  <testcase classname="tests.BNSExcelDataTest" name="BNSTest" time="1.551"/>
  <testcase classname="tests.BNSExcelDataTest" name="BNSTest" time="1.538"/>
  <testcase classname="tests.BNSExcelDataTest" name="BNSTest" time="1.678"/>
  <testcase classname="tests.BNSExcelDataTest" name="BNSTest" time="1.586"/>
</testsuite> <!-- Surefire test -->
