<?xml version="1.0" encoding="UTF-8"?>
<testng-results ignored="0" total="7" passed="7" failed="0" skipped="0">
  <reporter-output>
  </reporter-output>
  <suite started-at="2020-06-06T06:44:15Z" name="Surefire suite" finished-at="2020-06-06T06:44:39Z" duration-ms="23421">
    <groups>
    </groups>
    <test started-at="2020-06-06T06:44:15Z" name="Surefire test" finished-at="2020-06-06T06:44:39Z" duration-ms="23421">
      <class name="tests.BNSExcelDataTest">
        <test-method is-config="true" signature="setup()[pri:0, instance:tests.BNSExcelDataTest@3ecd23d9]" started-at="2020-06-06T06:44:15Z" name="setup" finished-at="2020-06-06T06:44:24Z" duration-ms="8612" status="PASS">
          <reporter-output>
          </reporter-output>
        </test-method> <!-- setup -->
        <test-method signature="BNSTest(java.lang.String, java.lang.String, java.lang.String, java.lang.String, java.lang.String, java.lang.String, java.lang.String, java.lang.String, java.lang.String, java.lang.String)[pri:0, instance:tests.BNSExcelDataTest@3ecd23d9]" started-at="2020-06-06T06:44:25Z" name="BNSTest" data-provider="bnsdata" finished-at="2020-06-06T06:44:27Z" duration-ms="2107" status="PASS">
          <params>
            <param index="0">
              <value>
                <![CDATA[Ataur]]>
              </value>
            </param>
            <param index="1">
              <value>
                <![CDATA[Tarafder]]>
              </value>
            </param>
            <param index="2">
              <value>
                <![CDATA[ata@yahoo.com]]>
              </value>
            </param>
            <param index="3">
              <value>
                <![CDATA[ata@yahoo.com]]>
              </value>
            </param>
            <param index="4">
              <value>
                <![CDATA[346-345-3450]]>
              </value>
            </param>
            <param index="5">
              <value>
                <![CDATA[Jun]]>
              </value>
            </param>
            <param index="6">
              <value>
                <![CDATA[23]]>
              </value>
            </param>
            <param index="7">
              <value>
                <![CDATA[2001]]>
              </value>
            </param>
            <param index="8">
              <value>
                <![CDATA[Male]]>
              </value>
            </param>
            <param index="9">
              <value>
                <![CDATA[Submitted Form Data]]>
              </value>
            </param>
          </params>
          <reporter-output>
          </reporter-output>
        </test-method> <!-- BNSTest -->
        <test-method is-config="true" signature="extentStatus(org.testng.ITestResult)[pri:0, instance:tests.BNSExcelDataTest@3ecd23d9]" started-at="2020-06-06T06:44:27Z" name="extentStatus" finished-at="2020-06-06T06:44:27Z" duration-ms="7" status="PASS">
          <params>
            <param index="0">
              <value>
                <![CDATA[[TestResult name=BNSTest status=SUCCESS method=BNSExcelDataTest.BNSTest(java.lang.String, java.lang.String, java.lang.String, java.lang.String, java.lang.String, java.lang.String, java.lang.String, java.lang.String, java.lang.String, java.lang.String)[pri:0, instance:tests.BNSExcelDataTest@3ecd23d9] output={null}]]]>
              </value>
            </param>
          </params>
          <reporter-output>
          </reporter-output>
        </test-method> <!-- extentStatus -->
        <test-method signature="BNSTest(java.lang.String, java.lang.String, java.lang.String, java.lang.String, java.lang.String, java.lang.String, java.lang.String, java.lang.String, java.lang.String, java.lang.String)[pri:0, instance:tests.BNSExcelDataTest@3ecd23d9]" started-at="2020-06-06T06:44:27Z" name="BNSTest" data-provider="bnsdata" finished-at="2020-06-06T06:44:29Z" duration-ms="1503" status="PASS">
          <params>
            <param index="0">
              <value>
                <![CDATA[Mona]]>
              </value>
            </param>
            <param index="1">
              <value>
                <![CDATA[Khanam]]>
              </value>
            </param>
            <param index="2">
              <value>
                <![CDATA[ata@yahoo.com]]>
              </value>
            </param>
            <param index="3">
              <value>
                <![CDATA[ata@yahoo.com]]>
              </value>
            </param>
            <param index="4">
              <value>
                <![CDATA[346-345-3451]]>
              </value>
            </param>
            <param index="5">
              <value>
                <![CDATA[Jul]]>
              </value>
            </param>
            <param index="6">
              <value>
                <![CDATA[24]]>
              </value>
            </param>
            <param index="7">
              <value>
                <![CDATA[2002]]>
              </value>
            </param>
            <param index="8">
              <value>
                <![CDATA[Female]]>
              </value>
            </param>
            <param index="9">
              <value>
                <![CDATA[Submitted Form Data]]>
              </value>
            </param>
          </params>
          <reporter-output>
          </reporter-output>
        </test-method> <!-- BNSTest -->
        <test-method is-config="true" signature="extentStatus(org.testng.ITestResult)[pri:0, instance:tests.BNSExcelDataTest@3ecd23d9]" started-at="2020-06-06T06:44:29Z" name="extentStatus" finished-at="2020-06-06T06:44:29Z" duration-ms="0" status="PASS">
          <params>
            <param index="0">
              <value>
                <![CDATA[[TestResult name=BNSTest status=SUCCESS method=BNSExcelDataTest.BNSTest(java.lang.String, java.lang.String, java.lang.String, java.lang.String, java.lang.String, java.lang.String, java.lang.String, java.lang.String, java.lang.String, java.lang.String)[pri:0, instance:tests.BNSExcelDataTest@3ecd23d9] output={null}]]]>
              </value>
            </param>
          </params>
          <reporter-output>
          </reporter-output>
        </test-method> <!-- extentStatus -->
        <test-method signature="BNSTest(java.lang.String, java.lang.String, java.lang.String, java.lang.String, java.lang.String, java.lang.String, java.lang.String, java.lang.String, java.lang.String, java.lang.String)[pri:0, instance:tests.BNSExcelDataTest@3ecd23d9]" started-at="2020-06-06T06:44:29Z" name="BNSTest" data-provider="bnsdata" finished-at="2020-06-06T06:44:30Z" duration-ms="1545" status="PASS">
          <params>
            <param index="0">
              <value>
                <![CDATA[Mitu]]>
              </value>
            </param>
            <param index="1">
              <value>
                <![CDATA[Islam]]>
              </value>
            </param>
            <param index="2">
              <value>
                <![CDATA[ata@yahoo.com]]>
              </value>
            </param>
            <param index="3">
              <value>
                <![CDATA[ata@yahoo.com]]>
              </value>
            </param>
            <param index="4">
              <value>
                <![CDATA[346-345-3452]]>
              </value>
            </param>
            <param index="5">
              <value>
                <![CDATA[Aug]]>
              </value>
            </param>
            <param index="6">
              <value>
                <![CDATA[25]]>
              </value>
            </param>
            <param index="7">
              <value>
                <![CDATA[2003]]>
              </value>
            </param>
            <param index="8">
              <value>
                <![CDATA[Female]]>
              </value>
            </param>
            <param index="9">
              <value>
                <![CDATA[Submitted Form Data]]>
              </value>
            </param>
          </params>
          <reporter-output>
          </reporter-output>
        </test-method> <!-- BNSTest -->
        <test-method is-config="true" signature="extentStatus(org.testng.ITestResult)[pri:0, instance:tests.BNSExcelDataTest@3ecd23d9]" started-at="2020-06-06T06:44:30Z" name="extentStatus" finished-at="2020-06-06T06:44:30Z" duration-ms="1" status="PASS">
          <params>
            <param index="0">
              <value>
                <![CDATA[[TestResult name=BNSTest status=SUCCESS method=BNSExcelDataTest.BNSTest(java.lang.String, java.lang.String, java.lang.String, java.lang.String, java.lang.String, java.lang.String, java.lang.String, java.lang.String, java.lang.String, java.lang.String)[pri:0, instance:tests.BNSExcelDataTest@3ecd23d9] output={null}]]]>
              </value>
            </param>
          </params>
          <reporter-output>
          </reporter-output>
        </test-method> <!-- extentStatus -->
        <test-method signature="BNSTest(java.lang.String, java.lang.String, java.lang.String, java.lang.String, java.lang.String, java.lang.String, java.lang.String, java.lang.String, java.lang.String, java.lang.String)[pri:0, instance:tests.BNSExcelDataTest@3ecd23d9]" started-at="2020-06-06T06:44:30Z" name="BNSTest" data-provider="bnsdata" finished-at="2020-06-06T06:44:32Z" duration-ms="1551" status="PASS">
          <params>
            <param index="0">
              <value>
                <![CDATA[Ataur]]>
              </value>
            </param>
            <param index="1">
              <value>
                <![CDATA[Tarafder]]>
              </value>
            </param>
            <param index="2">
              <value>
                <![CDATA[ata@yahoo.com]]>
              </value>
            </param>
            <param index="3">
              <value>
                <![CDATA[ata@yahoo.com]]>
              </value>
            </param>
            <param index="4">
              <value>
                <![CDATA[346-345-3453]]>
              </value>
            </param>
            <param index="5">
              <value>
                <![CDATA[Sep]]>
              </value>
            </param>
            <param index="6">
              <value>
                <![CDATA[26]]>
              </value>
            </param>
            <param index="7">
              <value>
                <![CDATA[2003]]>
              </value>
            </param>
            <param index="8">
              <value>
                <![CDATA[Male]]>
              </value>
            </param>
            <param index="9">
              <value>
                <![CDATA[Submitted Form Data]]>
              </value>
            </param>
          </params>
          <reporter-output>
          </reporter-output>
        </test-method> <!-- BNSTest -->
        <test-method is-config="true" signature="extentStatus(org.testng.ITestResult)[pri:0, instance:tests.BNSExcelDataTest@3ecd23d9]" started-at="2020-06-06T06:44:32Z" name="extentStatus" finished-at="2020-06-06T06:44:32Z" duration-ms="2" status="PASS">
          <params>
            <param index="0">
              <value>
                <![CDATA[[TestResult name=BNSTest status=SUCCESS method=BNSExcelDataTest.BNSTest(java.lang.String, java.lang.String, java.lang.String, java.lang.String, java.lang.String, java.lang.String, java.lang.String, java.lang.String, java.lang.String, java.lang.String)[pri:0, instance:tests.BNSExcelDataTest@3ecd23d9] output={null}]]]>
              </value>
            </param>
          </params>
          <reporter-output>
          </reporter-output>
        </test-method> <!-- extentStatus -->
        <test-method signature="BNSTest(java.lang.String, java.lang.String, java.lang.String, java.lang.String, java.lang.String, java.lang.String, java.lang.String, java.lang.String, java.lang.String, java.lang.String)[pri:0, instance:tests.BNSExcelDataTest@3ecd23d9]" started-at="2020-06-06T06:44:32Z" name="BNSTest" data-provider="bnsdata" finished-at="2020-06-06T06:44:33Z" duration-ms="1538" status="PASS">
          <params>
            <param index="0">
              <value>
                <![CDATA[Farhan]]>
              </value>
            </param>
            <param index="1">
              <value>
                <![CDATA[Zaman]]>
              </value>
            </param>
            <param index="2">
              <value>
                <![CDATA[ata@yahoo.com]]>
              </value>
            </param>
            <param index="3">
              <value>
                <![CDATA[ata@yahoo.com]]>
              </value>
            </param>
            <param index="4">
              <value>
                <![CDATA[346-345-3454]]>
              </value>
            </param>
            <param index="5">
              <value>
                <![CDATA[Oct]]>
              </value>
            </param>
            <param index="6">
              <value>
                <![CDATA[27]]>
              </value>
            </param>
            <param index="7">
              <value>
                <![CDATA[2001]]>
              </value>
            </param>
            <param index="8">
              <value>
                <![CDATA[Female]]>
              </value>
            </param>
            <param index="9">
              <value>
                <![CDATA[Submitted Form Data]]>
              </value>
            </param>
          </params>
          <reporter-output>
          </reporter-output>
        </test-method> <!-- BNSTest -->
        <test-method signature="BNSTest(java.lang.String, java.lang.String, java.lang.String, java.lang.String, java.lang.String, java.lang.String, java.lang.String, java.lang.String, java.lang.String, java.lang.String)[pri:0, instance:tests.BNSExcelDataTest@3ecd23d9]" started-at="2020-06-06T06:44:33Z" name="BNSTest" data-provider="bnsdata" finished-at="2020-06-06T06:44:35Z" duration-ms="1678" status="PASS">
          <params>
            <param index="0">
              <value>
                <![CDATA[Ataur]]>
              </value>
            </param>
            <param index="1">
              <value>
                <![CDATA[Tarafder]]>
              </value>
            </param>
            <param index="2">
              <value>
                <![CDATA[ata@yahoo.com]]>
              </value>
            </param>
            <param index="3">
              <value>
                <![CDATA[ata@yahoo.com]]>
              </value>
            </param>
            <param index="4">
              <value>
                <![CDATA[346-345-3455]]>
              </value>
            </param>
            <param index="5">
              <value>
                <![CDATA[Nov]]>
              </value>
            </param>
            <param index="6">
              <value>
                <![CDATA[28]]>
              </value>
            </param>
            <param index="7">
              <value>
                <![CDATA[2002]]>
              </value>
            </param>
            <param index="8">
              <value>
                <![CDATA[Male]]>
              </value>
            </param>
            <param index="9">
              <value>
                <![CDATA[Submitted Form Data]]>
              </value>
            </param>
          </params>
          <reporter-output>
          </reporter-output>
        </test-method> <!-- BNSTest -->
        <test-method is-config="true" signature="extentStatus(org.testng.ITestResult)[pri:0, instance:tests.BNSExcelDataTest@3ecd23d9]" started-at="2020-06-06T06:44:33Z" name="extentStatus" finished-at="2020-06-06T06:44:33Z" duration-ms="0" status="PASS">
          <params>
            <param index="0">
              <value>
                <![CDATA[[TestResult name=BNSTest status=SUCCESS method=BNSExcelDataTest.BNSTest(java.lang.String, java.lang.String, java.lang.String, java.lang.String, java.lang.String, java.lang.String, java.lang.String, java.lang.String, java.lang.String, java.lang.String)[pri:0, instance:tests.BNSExcelDataTest@3ecd23d9] output={null}]]]>
              </value>
            </param>
          </params>
          <reporter-output>
          </reporter-output>
        </test-method> <!-- extentStatus -->
        <test-method is-config="true" signature="extentStatus(org.testng.ITestResult)[pri:0, instance:tests.BNSExcelDataTest@3ecd23d9]" started-at="2020-06-06T06:44:35Z" name="extentStatus" finished-at="2020-06-06T06:44:35Z" duration-ms="1" status="PASS">
          <params>
            <param index="0">
              <value>
                <![CDATA[[TestResult name=BNSTest status=SUCCESS method=BNSExcelDataTest.BNSTest(java.lang.String, java.lang.String, java.lang.String, java.lang.String, java.lang.String, java.lang.String, java.lang.String, java.lang.String, java.lang.String, java.lang.String)[pri:0, instance:tests.BNSExcelDataTest@3ecd23d9] output={null}]]]>
              </value>
            </param>
          </params>
          <reporter-output>
          </reporter-output>
        </test-method> <!-- extentStatus -->
        <test-method signature="BNSTest(java.lang.String, java.lang.String, java.lang.String, java.lang.String, java.lang.String, java.lang.String, java.lang.String, java.lang.String, java.lang.String, java.lang.String)[pri:0, instance:tests.BNSExcelDataTest@3ecd23d9]" started-at="2020-06-06T06:44:35Z" name="BNSTest" data-provider="bnsdata" finished-at="2020-06-06T06:44:37Z" duration-ms="1586" status="PASS">
          <params>
            <param index="0">
              <value>
                <![CDATA[Sonia]]>
              </value>
            </param>
            <param index="1">
              <value>
                <![CDATA[Sultana]]>
              </value>
            </param>
            <param index="2">
              <value>
                <![CDATA[ata@yahoo.com]]>
              </value>
            </param>
            <param index="3">
              <value>
                <![CDATA[ata@yahoo.com]]>
              </value>
            </param>
            <param index="4">
              <value>
                <![CDATA[346-345-3456]]>
              </value>
            </param>
            <param index="5">
              <value>
                <![CDATA[Dec]]>
              </value>
            </param>
            <param index="6">
              <value>
                <![CDATA[29]]>
              </value>
            </param>
            <param index="7">
              <value>
                <![CDATA[2001]]>
              </value>
            </param>
            <param index="8">
              <value>
                <![CDATA[Female]]>
              </value>
            </param>
            <param index="9">
              <value>
                <![CDATA[Submitted Form Data]]>
              </value>
            </param>
          </params>
          <reporter-output>
          </reporter-output>
        </test-method> <!-- BNSTest -->
        <test-method is-config="true" signature="extentStatus(org.testng.ITestResult)[pri:0, instance:tests.BNSExcelDataTest@3ecd23d9]" started-at="2020-06-06T06:44:37Z" name="extentStatus" finished-at="2020-06-06T06:44:37Z" duration-ms="0" status="PASS">
          <params>
            <param index="0">
              <value>
                <![CDATA[[TestResult name=BNSTest status=SUCCESS method=BNSExcelDataTest.BNSTest(java.lang.String, java.lang.String, java.lang.String, java.lang.String, java.lang.String, java.lang.String, java.lang.String, java.lang.String, java.lang.String, java.lang.String)[pri:0, instance:tests.BNSExcelDataTest@3ecd23d9] output={null}]]]>
              </value>
            </param>
          </params>
          <reporter-output>
          </reporter-output>
        </test-method> <!-- extentStatus -->
        <test-method is-config="true" signature="teardown()[pri:0, instance:tests.BNSExcelDataTest@3ecd23d9]" started-at="2020-06-06T06:44:37Z" name="teardown" finished-at="2020-06-06T06:44:39Z" duration-ms="2258" status="PASS">
          <reporter-output>
          </reporter-output>
        </test-method> <!-- teardown -->
      </class> <!-- tests.BNSExcelDataTest -->
    </test> <!-- Surefire test -->
  </suite> <!-- Surefire suite -->
</testng-results>
